2024-08-01 20:03:40,683 - INFO - Waiting for 1439.32 minutes until 2024-08-02 20:03:00.
2024-08-01 20:03:52,302 - INFO - Waiting for 0.13 minutes until 2024-08-01 20:04:00.
2024-08-01 20:04:00,001 - INFO - Running E:\Z_algo_Script\downloadCSV.py...
2024-08-01 20:04:22,805 - INFO - Output of E:\Z_algo_Script\downloadCSV.py: Deleted: C:\Users\omkar\Downloads\Backtest BB Blast_Omk, Technical Analysis Scanner.csv
Error deleting C:\Users\omkar\Downloads\download: [WinError 5] Access is denied: 'C:\\Users\\omkar\\Downloads\\download'
Error deleting C:\Users\omkar\Downloads\Telegram Desktop: [WinError 5] Access is denied: 'C:\\Users\\omkar\\Downloads\\Telegram Desktop'
['NAM-INDIA-EQ', 'COALINDIA-EQ']

2024-08-01 20:04:22,806 - INFO - Waiting for 2 seconds...
2024-08-01 20:04:24,807 - INFO - Running E:\Z_algo_Script\punch_orders.py...
2024-08-01 20:04:27,188 - INFO - Output of E:\Z_algo_Script\punch_orders.py: 658.25
540.4
stocksList: ['NAM-INDIA-EQ', 'COALINDIA-EQ']
PlaceQtyForEachStockArray: [30, 37]
slArray: [658.25, 540.4]

2024-08-01 20:04:27,188 - INFO - Waiting for 2 seconds...
2024-08-01 20:04:29,189 - INFO - Running E:\Z_algo_Script\bookOrder.py...
2024-08-01 20:06:13,958 - INFO - Starting main function...
2024-08-01 20:06:13,959 - INFO - File exists: E:\Z_algo_Script\downloadCSV.py
2024-08-01 20:06:13,959 - INFO - File exists: E:\Z_algo_Script\punch_orders.py
2024-08-01 20:06:13,959 - INFO - File exists: E:\Z_algo_Script\bookOrder.py
2024-08-01 20:06:13,959 - INFO - Waiting until the target time...
2024-08-01 20:06:13,959 - INFO - Waiting for 0.77 minutes until 2024-08-01 20:07:00.
2024-08-01 20:07:00,000 - INFO - Running E:\Z_algo_Script\downloadCSV.py...
2024-08-01 20:07:00,000 - INFO - Running script: E:\Z_algo_Script\downloadCSV.py
